0 info it worked if it ends with ok
1 verbose cli [ 'c:\\Program Files\\nodejs\\node.exe',
1 verbose cli   'c:\\Program Files\\nodejs\\node_modules\\npm\\bin\\npm-cli.js',
1 verbose cli   'install',
1 verbose cli   '--save-dev' ]
2 info using npm@1.3.11
3 info using node@v0.10.21
4 error install Couldn't read dependencies
5 error Error: ENOENT, open 'x:\xampp\htdocs\metaquiz\package.json'
6 error If you need help, you may report this log at:
6 error     <http://github.com/isaacs/npm/issues>
6 error or email it to:
6 error     <npm-@googlegroups.com>
7 error System Windows_NT 6.2.9200
8 error command "c:\\Program Files\\nodejs\\node.exe" "c:\\Program Files\\nodejs\\node_modules\\npm\\bin\\npm-cli.js" "install" "--save-dev"
9 error cwd x:\xampp\htdocs\metaquiz
10 error node -v v0.10.21
11 error npm -v 1.3.11
12 error path x:\xampp\htdocs\metaquiz\package.json
13 error code ENOENT
14 error errno 34
15 verbose exit [ 34, true ]
